<?xml version="1.0" encoding="UTF-8"?>
<!-- Generated by org.testng.reporters.JUnitXMLReporter -->
<testsuite hostname="SYSVINEL007" ignored="0" name="InventoryTransfer" tests="8" failures="0" timestamp="03 May 2019 06:53:10 GMT" time="423.924" errors="0">
  <testcase name="inventoryTransfer" time="12.981" classname="com.turbopro.inventory.InventoryTransfer"/>
  <testcase name="sortInventory" time="0.375" classname="com.turbopro.inventory.InventoryTransfer"/>
  <testcase name="addTransfer" time="39.977" classname="com.turbopro.inventory.InventoryTransfer"/>
  <testcase name="searchTransfer" time="0.172" classname="com.turbopro.inventory.InventoryTransfer"/>
  <testcase name="editTransfer" time="121.613" classname="com.turbopro.inventory.InventoryTransfer"/>
  <testcase name="receiveItems" time="121.695" classname="com.turbopro.inventory.InventoryTransfer"/>
  <testcase name="copyTransfer" time="121.729" classname="com.turbopro.inventory.InventoryTransfer"/>
  <testcase name="viewPDF" time="0.115" classname="com.turbopro.inventory.InventoryTransfer"/>
</testsuite> <!-- InventoryTransfer -->
