<?xml version="1.0" encoding="UTF-8"?>
<!-- Generated by org.testng.reporters.JUnitXMLReporter -->
<testsuite hostname="SYSVINEL007" ignored="0" name="InventoryTransaction" tests="6" failures="0" timestamp="03 May 2019 06:46:06 GMT" time="674.183" errors="0">
  <testcase name="inventoryTransaction" time="12.579" classname="com.turbopro.inventory.InventoryTransaction"/>
  <testcase name="viewTransaction" time="2.955" classname="com.turbopro.inventory.InventoryTransaction"/>
  <testcase name="viewTransactionInDifferentWarehouse" time="128.912" classname="com.turbopro.inventory.InventoryTransaction"/>
  <testcase name="setDateRange" time="132.778" classname="com.turbopro.inventory.InventoryTransaction"/>
  <testcase name="clearTransactions" time="263.881" classname="com.turbopro.inventory.InventoryTransaction"/>
  <testcase name="printTransactionDetails" time="126.142" classname="com.turbopro.inventory.InventoryTransaction"/>
</testsuite> <!-- InventoryTransaction -->
